<?xml version="1.0" encoding="UTF-8"?>
<testsuites name="jest tests" tests="41" failures="0" time="3.873">
  <testsuite name="BaseButton.vue" errors="0" failures="0" skipped="0" timestamp="2020-05-10T09:53:51" time="1.076" tests="5">
    <testcase classname="BaseButton.vue has correct props values" name="BaseButton.vue has correct props values" time="0.035">
    </testcase>
    <testcase classname="BaseButton.vue has correct $emit response" name="BaseButton.vue has correct $emit response" time="0.004">
    </testcase>
    <testcase classname="BaseButton.vue has correct action slot" name="BaseButton.vue has correct action slot" time="0.014">
    </testcase>
    <testcase classname="BaseButton.vue has correct class name" name="BaseButton.vue has correct class name" time="0.012">
    </testcase>
    <testcase classname="BaseButton.vue has the expected html structure" name="BaseButton.vue has the expected html structure" time="0.023">
    </testcase>
  </testsuite>
  <testsuite name="Article.vue" errors="0" failures="0" skipped="0" timestamp="2020-05-10T09:53:51" time="1.307" tests="3">
    <testcase classname="Article.vue has correct action slot" name="Article.vue has correct action slot" time="0.054">
    </testcase>
    <testcase classname="Article.vue has correct props values" name="Article.vue has correct props values" time="0.004">
    </testcase>
    <testcase classname="Article.vue has the expected html structure" name="Article.vue has the expected html structure" time="0.045">
    </testcase>
  </testsuite>
  <testsuite name="BaseSelect.vue" errors="0" failures="0" skipped="0" timestamp="2020-05-10T09:53:51" time="1.37" tests="4">
    <testcase classname="BaseSelect.vue has correct props values" name="BaseSelect.vue has correct props values" time="0.047">
    </testcase>
    <testcase classname="BaseSelect.vue has correct $emit response" name="BaseSelect.vue has correct $emit response" time="0.008">
    </testcase>
    <testcase classname="BaseSelect.vue has correct class name" name="BaseSelect.vue has correct class name" time="0.007">
    </testcase>
    <testcase classname="BaseSelect.vue has the expected html structure" name="BaseSelect.vue has the expected html structure" time="0.037">
    </testcase>
  </testsuite>
  <testsuite name="BaseTextarea.vue" errors="0" failures="0" skipped="0" timestamp="2020-05-10T09:53:51" time="1.153" tests="5">
    <testcase classname="BaseTextarea.vue has correct props values" name="BaseTextarea.vue has correct props values" time="0.029">
    </testcase>
    <testcase classname="BaseTextarea.vue has correct $emit response" name="BaseTextarea.vue has correct $emit response" time="0.01">
    </testcase>
    <testcase classname="BaseTextarea.vue has correct set data value" name="BaseTextarea.vue has correct set data value" time="0.015">
    </testcase>
    <testcase classname="BaseTextarea.vue has correct class name" name="BaseTextarea.vue has correct class name" time="0.003">
    </testcase>
    <testcase classname="BaseTextarea.vue has the expected html structure" name="BaseTextarea.vue has the expected html structure" time="0.023">
    </testcase>
  </testsuite>
  <testsuite name="Badge.vue" errors="0" failures="0" skipped="0" timestamp="2020-05-10T09:53:51" time="1.374" tests="4">
    <testcase classname="Badge.vue has correct props values" name="Badge.vue has correct props values" time="0.042">
    </testcase>
    <testcase classname="Badge.vue has correct action slot" name="Badge.vue has correct action slot" time="0.022">
    </testcase>
    <testcase classname="Badge.vue has correct class name" name="Badge.vue has correct class name" time="0.004">
    </testcase>
    <testcase classname="Badge.vue has the expected html structure" name="Badge.vue has the expected html structure" time="0.029">
    </testcase>
  </testsuite>
  <testsuite name="BaseInput.vue" errors="0" failures="0" skipped="0" timestamp="2020-05-10T09:53:51" time="1.398" tests="5">
    <testcase classname="BaseInput.vue has correct props values" name="BaseInput.vue has correct props values" time="0.046">
    </testcase>
    <testcase classname="BaseInput.vue has correct $emit response" name="BaseInput.vue has correct $emit response" time="0.006">
    </testcase>
    <testcase classname="BaseInput.vue has correct set data value" name="BaseInput.vue has correct set data value" time="0.006">
    </testcase>
    <testcase classname="BaseInput.vue has input correct ID" name="BaseInput.vue has input correct ID" time="0.022">
    </testcase>
    <testcase classname="BaseInput.vue has the expected html structure" name="BaseInput.vue has the expected html structure" time="0.064">
    </testcase>
  </testsuite>
  <testsuite name="Getters" errors="0" failures="0" skipped="0" timestamp="2020-05-10T09:53:52" time="0.371" tests="1">
    <testcase classname="Getters get all store quotes" name="Getters get all store quotes" time="0.002">
    </testcase>
  </testsuite>
  <testsuite name="Banner.vue" errors="0" failures="0" skipped="0" timestamp="2020-05-10T09:53:52" time="0.598" tests="3">
    <testcase classname="Banner.vue has correct props values" name="Banner.vue has correct props values" time="0.022">
    </testcase>
    <testcase classname="Banner.vue has correct class name" name="Banner.vue has correct class name" time="0.01">
    </testcase>
    <testcase classname="Banner.vue has the expected html structure" name="Banner.vue has the expected html structure" time="0.014">
    </testcase>
  </testsuite>
  <testsuite name="NavigationRouterLink.vue" errors="0" failures="0" skipped="0" timestamp="2020-05-10T09:53:52" time="0.704" tests="2">
    <testcase classname="NavigationRouterLink.vue has correct props values" name="NavigationRouterLink.vue has correct props values" time="0.028">
    </testcase>
    <testcase classname="NavigationRouterLink.vue has the expected html structure" name="NavigationRouterLink.vue has the expected html structure" time="0.014">
    </testcase>
  </testsuite>
  <testsuite name="BaseIcon.vue" errors="0" failures="0" skipped="0" timestamp="2020-05-10T09:53:51" time="1.505" tests="3">
    <testcase classname="BaseIcon.vue has correct props values" name="BaseIcon.vue has correct props values" time="0.03">
    </testcase>
    <testcase classname="BaseIcon.vue has correct class name" name="BaseIcon.vue has correct class name" time="0.003">
    </testcase>
    <testcase classname="BaseIcon.vue has the expected html structure" name="BaseIcon.vue has the expected html structure" time="0.019">
    </testcase>
  </testsuite>
  <testsuite name="Getters" errors="0" failures="0" skipped="0" timestamp="2020-05-10T09:53:52" time="0.986" tests="6">
    <testcase classname="Getters Should return all store categories" name="Getters Should return all store categories" time="0.002">
    </testcase>
    <testcase classname="Getters Should return selected store categories" name="Getters Should return selected store categories" time="0">
    </testcase>
    <testcase classname="Getters Getters mock Should return active item" name="Getters Getters mock Should return active item" time="0.003">
    </testcase>
    <testcase classname="Getters Getters mock Should return completed item" name="Getters Getters mock Should return completed item" time="0.001">
    </testcase>
    <testcase classname="Getters Getters mock Should return all completed items" name="Getters Getters mock Should return all completed items" time="0">
    </testcase>
    <testcase classname="Getters Getters mock Should return item fields" name="Getters Getters mock Should return item fields" time="0.001">
    </testcase>
  </testsuite>
</testsuites>